2017-05-02 15:00:49,778 [INFO] from application in ForkJoinPool-1-worker-1 - Creating Pool for datasource 'default'
2017-05-02 15:00:50,109 [INFO] from play.api.db.DefaultDBApi in ForkJoinPool-1-worker-1 - Database [default] connected at jdbc:h2:./data
2017-05-02 15:00:52,089 [INFO] from play.api.Play in ForkJoinPool-1-worker-1 - Application started (Dev)
2017-05-02 15:02:07,777 [INFO] from application in application-akka.actor.default-dispatcher-5 - Shutting down connection pool.
2017-05-02 15:02:08,021 [INFO] from application in application-akka.actor.default-dispatcher-5 - Creating Pool for datasource 'default'
2017-05-02 15:02:08,058 [INFO] from play.api.db.DefaultDBApi in application-akka.actor.default-dispatcher-5 - Database [default] connected at jdbc:h2:./data
2017-05-02 15:02:08,247 [INFO] from play.api.Play in application-akka.actor.default-dispatcher-5 - Application started (Dev)
2017-05-02 15:03:17,753 [INFO] from application in application-akka.actor.default-dispatcher-10 - Shutting down connection pool.
2017-05-02 15:03:18,102 [INFO] from application in application-akka.actor.default-dispatcher-10 - Creating Pool for datasource 'default'
2017-05-02 15:03:18,128 [INFO] from play.api.db.DefaultDBApi in application-akka.actor.default-dispatcher-10 - Database [default] connected at jdbc:h2:./data
2017-05-02 15:03:18,313 [INFO] from play.api.Play in application-akka.actor.default-dispatcher-10 - Application started (Dev)
2017-05-02 15:04:55,083 [INFO] from application in application-akka.actor.default-dispatcher-2 - Shutting down connection pool.
2017-05-02 15:04:55,272 [INFO] from application in application-akka.actor.default-dispatcher-2 - Creating Pool for datasource 'default'
2017-05-02 15:04:55,303 [INFO] from play.api.db.DefaultDBApi in application-akka.actor.default-dispatcher-2 - Database [default] connected at jdbc:h2:./data
2017-05-02 15:04:55,453 [INFO] from play.api.Play in application-akka.actor.default-dispatcher-2 - Application started (Dev)
2017-05-02 15:15:56,460 [INFO] from application in application-akka.actor.default-dispatcher-13 - Shutting down connection pool.
2017-05-02 15:15:56,730 [INFO] from application in application-akka.actor.default-dispatcher-13 - Creating Pool for datasource 'default'
2017-05-02 15:15:56,796 [INFO] from play.api.db.DefaultDBApi in application-akka.actor.default-dispatcher-13 - Database [default] connected at jdbc:h2:./data
2017-05-02 15:15:56,979 [INFO] from play.api.Play in application-akka.actor.default-dispatcher-13 - Application started (Dev)
2017-05-02 15:18:08,701 [ERROR] from application in netty-event-loop-4 - 

! @73p90a564 - Internal server error, for (GET) [/profile] ->
 
play.sbt.PlayExceptions$CompilationException: Compilation error[method postProfile in class controllers.ReverseHomeController cannot be applied to given types;
  required: no arguments
  found: java.lang.String
  reason: actual and formal argument lists differ in length]
	at play.sbt.PlayExceptions$CompilationException$.apply(PlayExceptions.scala:27)
	at play.sbt.PlayExceptions$CompilationException$.apply(PlayExceptions.scala:27)
	at scala.Option.map(Option.scala:145)
	at play.sbt.run.PlayReload$$anonfun$taskFailureHandler$1.apply(PlayReload.scala:49)
	at play.sbt.run.PlayReload$$anonfun$taskFailureHandler$1.apply(PlayReload.scala:44)
	at scala.Option.map(Option.scala:145)
	at play.sbt.run.PlayReload$.taskFailureHandler(PlayReload.scala:44)
	at play.sbt.run.PlayReload$.compileFailure(PlayReload.scala:40)
	at play.sbt.run.PlayReload$$anonfun$compile$1.apply(PlayReload.scala:17)
	at play.sbt.run.PlayReload$$anonfun$compile$1.apply(PlayReload.scala:17)
	at scala.util.Either$LeftProjection.map(Either.scala:377)
	at play.sbt.run.PlayReload$.compile(PlayReload.scala:17)
	at play.sbt.run.PlayRun$$anonfun$playRunTask$1$$anonfun$apply$2$$anonfun$apply$3$$anonfun$2.apply(PlayRun.scala:61)
	at play.sbt.run.PlayRun$$anonfun$playRunTask$1$$anonfun$apply$2$$anonfun$apply$3$$anonfun$2.apply(PlayRun.scala:61)
	at play.runsupport.Reloader$$anonfun$reload$1.apply(Reloader.scala:339)
	at play.runsupport.Reloader$$anon$3.run(Reloader.scala:44)
	at java.security.AccessController.doPrivileged(Native Method)
	at play.runsupport.Reloader$.play$runsupport$Reloader$$withReloaderContextClassLoader(Reloader.scala:40)
	at play.runsupport.Reloader.reload(Reloader.scala:337)
	at play.core.server.DevServerStart$$anonfun$mainDev$1$$anon$1$$anonfun$get$1.apply(DevServerStart.scala:123)
	at play.core.server.DevServerStart$$anonfun$mainDev$1$$anon$1$$anonfun$get$1.apply(DevServerStart.scala:121)
	at scala.concurrent.impl.Future$PromiseCompletingRunnable.liftedTree1$1(Future.scala:24)
	at scala.concurrent.impl.Future$PromiseCompletingRunnable.run(Future.scala:24)
	at akka.dispatch.TaskInvocation.run(AbstractDispatcher.scala:39)
	at akka.dispatch.ForkJoinExecutorConfigurator$AkkaForkJoinTask.exec(AbstractDispatcher.scala:415)
	at scala.concurrent.forkjoin.ForkJoinTask.doExec(ForkJoinTask.java:260)
	at scala.concurrent.forkjoin.ForkJoinPool$WorkQueue.runTask(ForkJoinPool.java:1339)
	at scala.concurrent.forkjoin.ForkJoinPool.runWorker(ForkJoinPool.java:1979)
	at scala.concurrent.forkjoin.ForkJoinWorkerThread.run(ForkJoinWorkerThread.java:107)
2017-05-02 15:18:38,033 [INFO] from application in application-akka.actor.default-dispatcher-6 - Shutting down connection pool.
2017-05-02 15:18:38,263 [INFO] from application in application-akka.actor.default-dispatcher-6 - Creating Pool for datasource 'default'
2017-05-02 15:18:38,284 [INFO] from play.api.db.DefaultDBApi in application-akka.actor.default-dispatcher-6 - Database [default] connected at jdbc:h2:./data
2017-05-02 15:18:38,414 [INFO] from play.api.Play in application-akka.actor.default-dispatcher-6 - Application started (Dev)
2017-05-02 15:29:28,602 [INFO] from application in application-akka.actor.default-dispatcher-10 - Shutting down connection pool.
2017-05-02 15:29:28,744 [INFO] from application in application-akka.actor.default-dispatcher-10 - Creating Pool for datasource 'default'
2017-05-02 15:29:28,781 [INFO] from play.api.db.DefaultDBApi in application-akka.actor.default-dispatcher-10 - Database [default] connected at jdbc:h2:./data
2017-05-02 15:29:28,911 [INFO] from play.api.Play in application-akka.actor.default-dispatcher-10 - Application started (Dev)
2017-05-02 15:36:32,158 [INFO] from application in application-akka.actor.default-dispatcher-8 - Shutting down connection pool.
2017-05-02 15:36:32,302 [INFO] from application in application-akka.actor.default-dispatcher-8 - Creating Pool for datasource 'default'
2017-05-02 15:36:32,325 [INFO] from play.api.db.DefaultDBApi in application-akka.actor.default-dispatcher-8 - Database [default] connected at jdbc:h2:./data
2017-05-02 15:36:32,452 [INFO] from play.api.Play in application-akka.actor.default-dispatcher-8 - Application started (Dev)
2017-05-02 15:38:46,305 [INFO] from application in application-akka.actor.default-dispatcher-7 - Shutting down connection pool.
2017-05-02 15:38:46,473 [INFO] from application in application-akka.actor.default-dispatcher-7 - Creating Pool for datasource 'default'
2017-05-02 15:38:46,504 [INFO] from play.api.db.DefaultDBApi in application-akka.actor.default-dispatcher-7 - Database [default] connected at jdbc:h2:./data
2017-05-02 15:38:46,632 [INFO] from play.api.Play in application-akka.actor.default-dispatcher-7 - Application started (Dev)
2017-05-02 15:40:10,849 [INFO] from application in application-akka.actor.default-dispatcher-6 - Shutting down connection pool.
2017-05-02 15:40:10,990 [INFO] from application in application-akka.actor.default-dispatcher-6 - Creating Pool for datasource 'default'
2017-05-02 15:40:11,016 [INFO] from play.api.db.DefaultDBApi in application-akka.actor.default-dispatcher-6 - Database [default] connected at jdbc:h2:./data
2017-05-02 15:40:11,141 [INFO] from play.api.Play in application-akka.actor.default-dispatcher-6 - Application started (Dev)
2017-05-02 15:42:41,594 [INFO] from application in application-akka.actor.default-dispatcher-8 - Shutting down connection pool.
2017-05-02 15:42:41,759 [INFO] from application in application-akka.actor.default-dispatcher-8 - Creating Pool for datasource 'default'
2017-05-02 15:42:41,779 [INFO] from play.api.db.DefaultDBApi in application-akka.actor.default-dispatcher-8 - Database [default] connected at jdbc:h2:./data
2017-05-02 15:42:41,917 [INFO] from play.api.Play in application-akka.actor.default-dispatcher-8 - Application started (Dev)
2017-05-02 15:51:24,352 [INFO] from application in application-akka.actor.default-dispatcher-9 - Shutting down connection pool.
2017-05-02 15:51:24,470 [INFO] from application in application-akka.actor.default-dispatcher-9 - Creating Pool for datasource 'default'
2017-05-02 15:51:24,490 [INFO] from play.api.db.DefaultDBApi in application-akka.actor.default-dispatcher-9 - Database [default] connected at jdbc:h2:./data
2017-05-02 15:51:24,590 [INFO] from play.api.Play in application-akka.actor.default-dispatcher-9 - Application started (Dev)
2017-05-02 16:00:25,031 [INFO] from application in application-akka.actor.default-dispatcher-12 - Shutting down connection pool.
2017-05-02 16:00:25,161 [INFO] from application in application-akka.actor.default-dispatcher-12 - Creating Pool for datasource 'default'
2017-05-02 16:00:25,253 [INFO] from play.api.db.DefaultDBApi in application-akka.actor.default-dispatcher-12 - Database [default] connected at jdbc:h2:./data
2017-05-02 16:00:25,374 [INFO] from play.api.Play in application-akka.actor.default-dispatcher-12 - Application started (Dev)
